[0.021s] Invoking command in '/home/darsh/ros2/build/diff_drive_robot': CMAKE_PREFIX_PATH=${CMAKE_PREFIX_PATH}:/opt/ros/jazzy DEBUGINFOD_URLS=https://debuginfod.ubuntu.com /usr/bin/cmake /home/darsh/ros2/src/diff_drive_robot-main -DCMAKE_INSTALL_PREFIX=/home/darsh/ros2/install/diff_drive_robot
[0.231s] -- The C compiler identification is GNU 13.3.0
[0.328s] -- The CXX compiler identification is GNU 13.3.0
[0.343s] -- Detecting C compiler ABI info
[0.409s] -- Detecting C compiler ABI info - done
[0.421s] -- Check for working C compiler: /usr/bin/cc - skipped
[0.421s] -- Detecting C compile features
[0.422s] -- Detecting C compile features - done
[0.429s] -- Detecting CXX compiler ABI info
[0.497s] -- Detecting CXX compiler ABI info - done
[0.504s] -- Check for working CXX compiler: /usr/bin/c++ - skipped
[0.505s] -- Detecting CXX compile features
[0.505s] -- Detecting CXX compile features - done
[0.523s] -- Found ament_cmake: 2.5.3 (/opt/ros/jazzy/share/ament_cmake/cmake)
[0.597s] -- Found Python3: /usr/bin/python3 (found version "3.12.3") found components: Interpreter 
[0.680s] -- Found ament_lint_auto: 0.17.1 (/opt/ros/jazzy/share/ament_lint_auto/cmake)
[0.750s] -- Added test 'flake8' to check Python code syntax and style conventions
[0.750s] -- Configured 'flake8' exclude dirs and/or files: 
[0.750s] -- Added test 'lint_cmake' to check CMake code style
[0.751s] -- Added test 'pep257' to check Python code against some of the docstring style conventions in PEP 257
[0.753s] -- Added test 'xmllint' to check XML markup files
[0.754s] -- Configuring done (0.7s)
[0.755s] -- Generating done (0.0s)
[0.756s] -- Build files have been written to: /home/darsh/ros2/build/diff_drive_robot
[0.759s] Invoked command in '/home/darsh/ros2/build/diff_drive_robot' returned '0': CMAKE_PREFIX_PATH=${CMAKE_PREFIX_PATH}:/opt/ros/jazzy DEBUGINFOD_URLS=https://debuginfod.ubuntu.com /usr/bin/cmake /home/darsh/ros2/src/diff_drive_robot-main -DCMAKE_INSTALL_PREFIX=/home/darsh/ros2/install/diff_drive_robot
[0.760s] Invoking command in '/home/darsh/ros2/build/diff_drive_robot': CMAKE_PREFIX_PATH=${CMAKE_PREFIX_PATH}:/opt/ros/jazzy DEBUGINFOD_URLS=https://debuginfod.ubuntu.com /usr/bin/cmake --build /home/darsh/ros2/build/diff_drive_robot -- -j12 -l12
[0.783s] Invoked command in '/home/darsh/ros2/build/diff_drive_robot' returned '0': CMAKE_PREFIX_PATH=${CMAKE_PREFIX_PATH}:/opt/ros/jazzy DEBUGINFOD_URLS=https://debuginfod.ubuntu.com /usr/bin/cmake --build /home/darsh/ros2/build/diff_drive_robot -- -j12 -l12
[0.790s] Invoking command in '/home/darsh/ros2/build/diff_drive_robot': CMAKE_PREFIX_PATH=${CMAKE_PREFIX_PATH}:/opt/ros/jazzy DEBUGINFOD_URLS=https://debuginfod.ubuntu.com /usr/bin/cmake --install /home/darsh/ros2/build/diff_drive_robot
[0.794s] -- Install configuration: ""
[0.795s] -- Installing: /home/darsh/ros2/install/diff_drive_robot/lib/diff_drive_robot/navigation.py
[0.795s] -- Installing: /home/darsh/ros2/install/diff_drive_robot/lib/diff_drive_robot/cmd_vel_publisher.py
[0.796s] -- Installing: /home/darsh/ros2/install/diff_drive_robot/share/diff_drive_robot/launch
[0.796s] -- Installing: /home/darsh/ros2/install/diff_drive_robot/share/diff_drive_robot/launch/robot.launch.py
[0.796s] -- Installing: /home/darsh/ros2/install/diff_drive_robot/share/diff_drive_robot/launch/rsp.launch.py
[0.797s] -- Installing: /home/darsh/ros2/install/diff_drive_robot/share/diff_drive_robot/urdf
[0.797s] -- Installing: /home/darsh/ros2/install/diff_drive_robot/share/diff_drive_robot/urdf/robot_core.xacro
[0.797s] -- Installing: /home/darsh/ros2/install/diff_drive_robot/share/diff_drive_robot/urdf/inertial_macros.xacro
[0.797s] -- Installing: /home/darsh/ros2/install/diff_drive_robot/share/diff_drive_robot/urdf/lidar.xacro
[0.798s] -- Installing: /home/darsh/ros2/install/diff_drive_robot/share/diff_drive_robot/urdf/gazebo_control.xacro
[0.798s] -- Installing: /home/darsh/ros2/install/diff_drive_robot/share/diff_drive_robot/urdf/robot.urdf.xacro
[0.798s] -- Installing: /home/darsh/ros2/install/diff_drive_robot/share/diff_drive_robot/config
[0.798s] -- Installing: /home/darsh/ros2/install/diff_drive_robot/share/diff_drive_robot/config/gz_bridge.yaml
[0.799s] -- Installing: /home/darsh/ros2/install/diff_drive_robot/share/diff_drive_robot/config/costmap.yaml
[0.799s] -- Installing: /home/darsh/ros2/install/diff_drive_robot/share/diff_drive_robot/config/nav2_params.yaml
[0.799s] -- Installing: /home/darsh/ros2/install/diff_drive_robot/share/diff_drive_robot/worlds
[0.799s] -- Installing: /home/darsh/ros2/install/diff_drive_robot/share/diff_drive_robot/worlds/obstacles.world
[0.800s] -- Installing: /home/darsh/ros2/install/diff_drive_robot/share/diff_drive_robot/worlds/empty.world
[0.800s] -- Installing: /home/darsh/ros2/install/diff_drive_robot/share/diff_drive_robot/rviz
[0.800s] -- Installing: /home/darsh/ros2/install/diff_drive_robot/share/diff_drive_robot/rviz/bot.rviz
[0.800s] -- Up-to-date: /home/darsh/ros2/install/diff_drive_robot/lib/diff_drive_robot/navigation.py
[0.800s] -- Installing: /home/darsh/ros2/install/diff_drive_robot/lib/diff_drive_robot/path_planning.py
[0.801s] -- Up-to-date: /home/darsh/ros2/install/diff_drive_robot/lib/diff_drive_robot/cmd_vel_publisher.py
[0.801s] -- Installing: /home/darsh/ros2/install/diff_drive_robot/share/ament_index/resource_index/package_run_dependencies/diff_drive_robot
[0.801s] -- Installing: /home/darsh/ros2/install/diff_drive_robot/share/ament_index/resource_index/parent_prefix_path/diff_drive_robot
[0.801s] -- Installing: /home/darsh/ros2/install/diff_drive_robot/share/diff_drive_robot/environment/ament_prefix_path.sh
[0.801s] -- Installing: /home/darsh/ros2/install/diff_drive_robot/share/diff_drive_robot/environment/ament_prefix_path.dsv
[0.801s] -- Installing: /home/darsh/ros2/install/diff_drive_robot/share/diff_drive_robot/environment/path.sh
[0.801s] -- Installing: /home/darsh/ros2/install/diff_drive_robot/share/diff_drive_robot/environment/path.dsv
[0.801s] -- Installing: /home/darsh/ros2/install/diff_drive_robot/share/diff_drive_robot/local_setup.bash
[0.801s] -- Installing: /home/darsh/ros2/install/diff_drive_robot/share/diff_drive_robot/local_setup.sh
[0.801s] -- Installing: /home/darsh/ros2/install/diff_drive_robot/share/diff_drive_robot/local_setup.zsh
[0.801s] -- Installing: /home/darsh/ros2/install/diff_drive_robot/share/diff_drive_robot/local_setup.dsv
[0.801s] -- Installing: /home/darsh/ros2/install/diff_drive_robot/share/diff_drive_robot/package.dsv
[0.802s] -- Installing: /home/darsh/ros2/install/diff_drive_robot/share/ament_index/resource_index/packages/diff_drive_robot
[0.802s] -- Installing: /home/darsh/ros2/install/diff_drive_robot/share/diff_drive_robot/cmake/diff_drive_robotConfig.cmake
[0.802s] -- Installing: /home/darsh/ros2/install/diff_drive_robot/share/diff_drive_robot/cmake/diff_drive_robotConfig-version.cmake
[0.802s] -- Installing: /home/darsh/ros2/install/diff_drive_robot/share/diff_drive_robot/package.xml
[0.803s] Invoked command in '/home/darsh/ros2/build/diff_drive_robot' returned '0': CMAKE_PREFIX_PATH=${CMAKE_PREFIX_PATH}:/opt/ros/jazzy DEBUGINFOD_URLS=https://debuginfod.ubuntu.com /usr/bin/cmake --install /home/darsh/ros2/build/diff_drive_robot
