-- Install configuration: ""
-- Up-to-date: /home/darsh/rosnav/install/diff_drive_robot/lib/diff_drive_robot/navigation.py
-- Up-to-date: /home/darsh/rosnav/install/diff_drive_robot/share/diff_drive_robot/launch
-- Up-to-date: /home/darsh/rosnav/install/diff_drive_robot/share/diff_drive_robot/launch/slam_launch.py
-- Up-to-date: /home/darsh/rosnav/install/diff_drive_robot/share/diff_drive_robot/launch/.DS_Store
-- Up-to-date: /home/darsh/rosnav/install/diff_drive_robot/share/diff_drive_robot/launch/nav2.launch.py
-- Up-to-date: /home/darsh/rosnav/install/diff_drive_robot/share/diff_drive_robot/launch/slam.launch.py
-- Up-to-date: /home/darsh/rosnav/install/diff_drive_robot/share/diff_drive_robot/launch/robot.launch.py
-- Up-to-date: /home/darsh/rosnav/install/diff_drive_robot/share/diff_drive_robot/launch/bringup_launch.py
-- Up-to-date: /home/darsh/rosnav/install/diff_drive_robot/share/diff_drive_robot/launch/rsp.launch.py
-- Up-to-date: /home/darsh/rosnav/install/diff_drive_robot/share/diff_drive_robot/launch/rviz_launch.py
-- Up-to-date: /home/darsh/rosnav/install/diff_drive_robot/share/diff_drive_robot/urdf
-- Up-to-date: /home/darsh/rosnav/install/diff_drive_robot/share/diff_drive_robot/urdf/gazebo_control.xacro
-- Up-to-date: /home/darsh/rosnav/install/diff_drive_robot/share/diff_drive_robot/urdf/robot.urdf.xacro
-- Up-to-date: /home/darsh/rosnav/install/diff_drive_robot/share/diff_drive_robot/urdf/inertial_macros.xacro
-- Up-to-date: /home/darsh/rosnav/install/diff_drive_robot/share/diff_drive_robot/urdf/lidar.xacro
-- Up-to-date: /home/darsh/rosnav/install/diff_drive_robot/share/diff_drive_robot/urdf/robot_core.xacro
-- Up-to-date: /home/darsh/rosnav/install/diff_drive_robot/share/diff_drive_robot/config
-- Up-to-date: /home/darsh/rosnav/install/diff_drive_robot/share/diff_drive_robot/config/nav2_multirobot_params_1.yaml
-- Up-to-date: /home/darsh/rosnav/install/diff_drive_robot/share/diff_drive_robot/config/gz_bridge.yaml
-- Up-to-date: /home/darsh/rosnav/install/diff_drive_robot/share/diff_drive_robot/config/slam_params.yaml
-- Up-to-date: /home/darsh/rosnav/install/diff_drive_robot/share/diff_drive_robot/config/nav2_params copy.yaml
-- Up-to-date: /home/darsh/rosnav/install/diff_drive_robot/share/diff_drive_robot/config/mapper_params_lifelong.yaml
-- Up-to-date: /home/darsh/rosnav/install/diff_drive_robot/share/diff_drive_robot/config/mapper_params_online_sync.yaml
-- Up-to-date: /home/darsh/rosnav/install/diff_drive_robot/share/diff_drive_robot/config/.DS_Store
-- Up-to-date: /home/darsh/rosnav/install/diff_drive_robot/share/diff_drive_robot/config/nav2_multirobot_params_all.yaml
-- Up-to-date: /home/darsh/rosnav/install/diff_drive_robot/share/diff_drive_robot/config/mapper_params_localization.yaml
-- Up-to-date: /home/darsh/rosnav/install/diff_drive_robot/share/diff_drive_robot/config/costmap.yaml
-- Up-to-date: /home/darsh/rosnav/install/diff_drive_robot/share/diff_drive_robot/config/nav2_multirobot_params_2.yaml
-- Up-to-date: /home/darsh/rosnav/install/diff_drive_robot/share/diff_drive_robot/config/mapper_params_offline.yaml
-- Up-to-date: /home/darsh/rosnav/install/diff_drive_robot/share/diff_drive_robot/config/mapper_params_online_async.yaml
-- Up-to-date: /home/darsh/rosnav/install/diff_drive_robot/share/diff_drive_robot/config/nav2_params.yaml
-- Up-to-date: /home/darsh/rosnav/install/diff_drive_robot/share/diff_drive_robot/config/slam_toolbox_default.rviz
-- Up-to-date: /home/darsh/rosnav/install/diff_drive_robot/share/diff_drive_robot/worlds
-- Up-to-date: /home/darsh/rosnav/install/diff_drive_robot/share/diff_drive_robot/worlds/obstacles.world
-- Up-to-date: /home/darsh/rosnav/install/diff_drive_robot/share/diff_drive_robot/worlds/empty.world
-- Up-to-date: /home/darsh/rosnav/install/diff_drive_robot/share/diff_drive_robot/rviz
-- Up-to-date: /home/darsh/rosnav/install/diff_drive_robot/share/diff_drive_robot/rviz/.DS_Store
-- Up-to-date: /home/darsh/rosnav/install/diff_drive_robot/share/diff_drive_robot/rviz/bot.rviz
-- Up-to-date: /home/darsh/rosnav/install/diff_drive_robot/lib/diff_drive_robot/navigation.py
-- Up-to-date: /home/darsh/rosnav/install/diff_drive_robot/lib/diff_drive_robot/path_planning.py
-- Up-to-date: /home/darsh/rosnav/install/diff_drive_robot/share/ament_index/resource_index/package_run_dependencies/diff_drive_robot
-- Up-to-date: /home/darsh/rosnav/install/diff_drive_robot/share/ament_index/resource_index/parent_prefix_path/diff_drive_robot
-- Up-to-date: /home/darsh/rosnav/install/diff_drive_robot/share/diff_drive_robot/environment/ament_prefix_path.sh
-- Up-to-date: /home/darsh/rosnav/install/diff_drive_robot/share/diff_drive_robot/environment/ament_prefix_path.dsv
-- Up-to-date: /home/darsh/rosnav/install/diff_drive_robot/share/diff_drive_robot/environment/path.sh
-- Up-to-date: /home/darsh/rosnav/install/diff_drive_robot/share/diff_drive_robot/environment/path.dsv
-- Up-to-date: /home/darsh/rosnav/install/diff_drive_robot/share/diff_drive_robot/local_setup.bash
-- Up-to-date: /home/darsh/rosnav/install/diff_drive_robot/share/diff_drive_robot/local_setup.sh
-- Up-to-date: /home/darsh/rosnav/install/diff_drive_robot/share/diff_drive_robot/local_setup.zsh
-- Up-to-date: /home/darsh/rosnav/install/diff_drive_robot/share/diff_drive_robot/local_setup.dsv
-- Up-to-date: /home/darsh/rosnav/install/diff_drive_robot/share/diff_drive_robot/package.dsv
-- Up-to-date: /home/darsh/rosnav/install/diff_drive_robot/share/ament_index/resource_index/packages/diff_drive_robot
-- Up-to-date: /home/darsh/rosnav/install/diff_drive_robot/share/diff_drive_robot/cmake/diff_drive_robotConfig.cmake
-- Up-to-date: /home/darsh/rosnav/install/diff_drive_robot/share/diff_drive_robot/cmake/diff_drive_robotConfig-version.cmake
-- Up-to-date: /home/darsh/rosnav/install/diff_drive_robot/share/diff_drive_robot/package.xml
