[0.263s] DEBUG:colcon:Command line arguments: ['/usr/bin/colcon', 'build', '--packages-select', 'diff_drive_robot', '--symlink-install']
[0.264s] DEBUG:colcon:Parsed command line arguments: Namespace(log_base=None, log_level=None, verb_name='build', build_base='build', install_base='install', merge_install=False, symlink_install=True, test_result_base=None, continue_on_error=False, executor='parallel', parallel_workers=12, event_handlers=None, ignore_user_meta=False, metas=['./colcon.meta'], base_paths=['.'], packages_ignore=None, packages_ignore_regex=None, paths=None, packages_up_to=None, packages_up_to_regex=None, packages_above=None, packages_above_and_dependencies=None, packages_above_depth=None, packages_select_by_dep=None, packages_skip_by_dep=None, packages_skip_up_to=None, packages_select_build_failed=False, packages_skip_build_finished=False, packages_select_test_failures=False, packages_skip_test_passed=False, packages_select=['diff_drive_robot'], packages_skip=None, packages_select_regex=None, packages_skip_regex=None, packages_start=None, packages_end=None, allow_overriding=[], cmake_args=None, cmake_target=None, cmake_target_skip_unavailable=False, cmake_clean_cache=False, cmake_clean_first=False, cmake_force_configure=False, ament_cmake_args=None, catkin_cmake_args=None, catkin_skip_building_tests=False, mixin_files=None, mixin=None, verb_parser=<colcon_mixin.mixin.mixin_argument.MixinArgumentDecorator object at 0xedd24ea752e0>, verb_extension=<colcon_core.verb.build.BuildVerb object at 0xedd24f4cb050>, main=<bound method BuildVerb.main of <colcon_core.verb.build.BuildVerb object at 0xedd24f4cb050>>, mixin_verb=('build',))
[0.362s] Level 1:colcon.colcon_core.package_discovery:discover_packages(colcon_meta) check parameters
[0.363s] Level 1:colcon.colcon_core.package_discovery:discover_packages(recursive) check parameters
[0.363s] Level 1:colcon.colcon_core.package_discovery:discover_packages(ignore) check parameters
[0.363s] Level 1:colcon.colcon_core.package_discovery:discover_packages(path) check parameters
[0.363s] Level 1:colcon.colcon_core.package_discovery:discover_packages(colcon_meta) discover
[0.363s] Level 1:colcon.colcon_core.package_discovery:discover_packages(recursive) discover
[0.363s] INFO:colcon.colcon_core.package_discovery:Crawling recursively for packages in '/home/darsh/ros2'
[0.364s] Level 1:colcon.colcon_core.package_identification:_identify(.) by extensions ['ignore', 'ignore_ament_install']
[0.364s] Level 1:colcon.colcon_core.package_identification:_identify(.) by extension 'ignore'
[0.364s] Level 1:colcon.colcon_core.package_identification:_identify(.) by extension 'ignore_ament_install'
[0.364s] Level 1:colcon.colcon_core.package_identification:_identify(.) by extensions ['colcon_pkg']
[0.364s] Level 1:colcon.colcon_core.package_identification:_identify(.) by extension 'colcon_pkg'
[0.365s] Level 1:colcon.colcon_core.package_identification:_identify(.) by extensions ['colcon_meta']
[0.365s] Level 1:colcon.colcon_core.package_identification:_identify(.) by extension 'colcon_meta'
[0.365s] Level 1:colcon.colcon_core.package_identification:_identify(.) by extensions ['ros']
[0.365s] Level 1:colcon.colcon_core.package_identification:_identify(.) by extension 'ros'
[0.513s] Level 1:colcon.colcon_core.package_identification:_identify(.) by extensions ['cmake', 'python']
[0.513s] Level 1:colcon.colcon_core.package_identification:_identify(.) by extension 'cmake'
[0.514s] Level 1:colcon.colcon_core.package_identification:_identify(.) by extension 'python'
[0.514s] Level 1:colcon.colcon_core.package_identification:_identify(.) by extensions ['python_setup_py']
[0.514s] Level 1:colcon.colcon_core.package_identification:_identify(.) by extension 'python_setup_py'
[0.514s] Level 1:colcon.colcon_core.package_identification:_identify(build) by extensions ['ignore', 'ignore_ament_install']
[0.514s] Level 1:colcon.colcon_core.package_identification:_identify(build) by extension 'ignore'
[0.514s] Level 1:colcon.colcon_core.package_identification:_identify(build) ignored
[0.514s] Level 1:colcon.colcon_core.package_identification:_identify(install) by extensions ['ignore', 'ignore_ament_install']
[0.515s] Level 1:colcon.colcon_core.package_identification:_identify(install) by extension 'ignore'
[0.515s] Level 1:colcon.colcon_core.package_identification:_identify(install) ignored
[0.515s] Level 1:colcon.colcon_core.package_identification:_identify(log) by extensions ['ignore', 'ignore_ament_install']
[0.515s] Level 1:colcon.colcon_core.package_identification:_identify(log) by extension 'ignore'
[0.515s] Level 1:colcon.colcon_core.package_identification:_identify(log) ignored
[0.515s] Level 1:colcon.colcon_core.package_identification:_identify(src) by extensions ['ignore', 'ignore_ament_install']
[0.515s] Level 1:colcon.colcon_core.package_identification:_identify(src) by extension 'ignore'
[0.515s] Level 1:colcon.colcon_core.package_identification:_identify(src) by extension 'ignore_ament_install'
[0.515s] Level 1:colcon.colcon_core.package_identification:_identify(src) by extensions ['colcon_pkg']
[0.515s] Level 1:colcon.colcon_core.package_identification:_identify(src) by extension 'colcon_pkg'
[0.515s] Level 1:colcon.colcon_core.package_identification:_identify(src) by extensions ['colcon_meta']
[0.515s] Level 1:colcon.colcon_core.package_identification:_identify(src) by extension 'colcon_meta'
[0.515s] Level 1:colcon.colcon_core.package_identification:_identify(src) by extensions ['ros']
[0.516s] Level 1:colcon.colcon_core.package_identification:_identify(src) by extension 'ros'
[0.516s] Level 1:colcon.colcon_core.package_identification:_identify(src) by extensions ['cmake', 'python']
[0.516s] Level 1:colcon.colcon_core.package_identification:_identify(src) by extension 'cmake'
[0.516s] Level 1:colcon.colcon_core.package_identification:_identify(src) by extension 'python'
[0.516s] Level 1:colcon.colcon_core.package_identification:_identify(src) by extensions ['python_setup_py']
[0.516s] Level 1:colcon.colcon_core.package_identification:_identify(src) by extension 'python_setup_py'
[0.516s] Level 1:colcon.colcon_core.package_identification:_identify(src/diff_drive_robot-main) by extensions ['ignore', 'ignore_ament_install']
[0.516s] Level 1:colcon.colcon_core.package_identification:_identify(src/diff_drive_robot-main) by extension 'ignore'
[0.516s] Level 1:colcon.colcon_core.package_identification:_identify(src/diff_drive_robot-main) by extension 'ignore_ament_install'
[0.517s] Level 1:colcon.colcon_core.package_identification:_identify(src/diff_drive_robot-main) by extensions ['colcon_pkg']
[0.517s] Level 1:colcon.colcon_core.package_identification:_identify(src/diff_drive_robot-main) by extension 'colcon_pkg'
[0.517s] Level 1:colcon.colcon_core.package_identification:_identify(src/diff_drive_robot-main) by extensions ['colcon_meta']
[0.517s] Level 1:colcon.colcon_core.package_identification:_identify(src/diff_drive_robot-main) by extension 'colcon_meta'
[0.517s] Level 1:colcon.colcon_core.package_identification:_identify(src/diff_drive_robot-main) by extensions ['ros']
[0.517s] Level 1:colcon.colcon_core.package_identification:_identify(src/diff_drive_robot-main) by extension 'ros'
[0.522s] DEBUG:colcon.colcon_core.package_identification:Package 'src/diff_drive_robot-main' with type 'ros.ament_cmake' and name 'diff_drive_robot'
[0.522s] Level 1:colcon.colcon_core.package_discovery:discover_packages(recursive) using defaults
[0.522s] Level 1:colcon.colcon_core.package_discovery:discover_packages(ignore) discover
[0.522s] Level 1:colcon.colcon_core.package_discovery:discover_packages(ignore) using defaults
[0.522s] Level 1:colcon.colcon_core.package_discovery:discover_packages(path) discover
[0.522s] Level 1:colcon.colcon_core.package_discovery:discover_packages(path) using defaults
[0.551s] Level 1:colcon.colcon_core.package_discovery:discover_packages(prefix_path) check parameters
[0.551s] Level 1:colcon.colcon_core.package_discovery:discover_packages(prefix_path) discover
[0.553s] WARNING:colcon.colcon_ros.prefix_path.ament:The path '/home/darsh/ros2/install/diff_drive_robot' in the environment variable AMENT_PREFIX_PATH doesn't exist
[0.554s] WARNING:colcon.colcon_ros.prefix_path.catkin:The path '/home/darsh/ros2/install/diff_drive_robot' in the environment variable CMAKE_PREFIX_PATH doesn't exist
[0.555s] DEBUG:colcon.colcon_installed_package_information.package_discovery:Found 0 installed packages in /home/darsh/ros2/install
[0.558s] DEBUG:colcon.colcon_installed_package_information.package_discovery:Found 384 installed packages in /opt/ros/jazzy
[0.561s] Level 1:colcon.colcon_core.package_discovery:discover_packages(prefix_path) using defaults
[0.698s] Level 5:colcon.colcon_core.verb:set package 'diff_drive_robot' build argument 'cmake_args' from command line to 'None'
[0.698s] Level 5:colcon.colcon_core.verb:set package 'diff_drive_robot' build argument 'cmake_target' from command line to 'None'
[0.698s] Level 5:colcon.colcon_core.verb:set package 'diff_drive_robot' build argument 'cmake_target_skip_unavailable' from command line to 'False'
[0.698s] Level 5:colcon.colcon_core.verb:set package 'diff_drive_robot' build argument 'cmake_clean_cache' from command line to 'False'
[0.698s] Level 5:colcon.colcon_core.verb:set package 'diff_drive_robot' build argument 'cmake_clean_first' from command line to 'False'
[0.698s] Level 5:colcon.colcon_core.verb:set package 'diff_drive_robot' build argument 'cmake_force_configure' from command line to 'False'
[0.698s] Level 5:colcon.colcon_core.verb:set package 'diff_drive_robot' build argument 'ament_cmake_args' from command line to 'None'
[0.698s] Level 5:colcon.colcon_core.verb:set package 'diff_drive_robot' build argument 'catkin_cmake_args' from command line to 'None'
[0.698s] Level 5:colcon.colcon_core.verb:set package 'diff_drive_robot' build argument 'catkin_skip_building_tests' from command line to 'False'
[0.698s] DEBUG:colcon.colcon_core.verb:Building package 'diff_drive_robot' with the following arguments: {'ament_cmake_args': None, 'build_base': '/home/darsh/ros2/build/diff_drive_robot', 'catkin_cmake_args': None, 'catkin_skip_building_tests': False, 'cmake_args': None, 'cmake_clean_cache': False, 'cmake_clean_first': False, 'cmake_force_configure': False, 'cmake_target': None, 'cmake_target_skip_unavailable': False, 'install_base': '/home/darsh/ros2/install/diff_drive_robot', 'merge_install': False, 'path': '/home/darsh/ros2/src/diff_drive_robot-main', 'symlink_install': True, 'test_result_base': None}
[0.698s] INFO:colcon.colcon_core.executor:Executing jobs using 'parallel' executor
[0.700s] DEBUG:colcon.colcon_parallel_executor.executor.parallel:run_until_complete
[0.701s] INFO:colcon.colcon_ros.task.ament_cmake.build:Building ROS package in '/home/darsh/ros2/src/diff_drive_robot-main' with build type 'ament_cmake'
[0.701s] INFO:colcon.colcon_cmake.task.cmake.build:Building CMake package in '/home/darsh/ros2/src/diff_drive_robot-main'
[0.706s] INFO:colcon.colcon_core.plugin_system:Skipping extension 'colcon_core.shell.bat': Not used on non-Windows systems
[0.706s] INFO:colcon.colcon_core.shell:Skip shell extension 'powershell' for command environment: Not usable outside of PowerShell
[0.706s] DEBUG:colcon.colcon_core.shell:Skip shell extension 'dsv' for command environment
[0.748s] DEBUG:colcon.colcon_core.event_handler.log_command:Invoking command in '/home/darsh/ros2/build/diff_drive_robot': CMAKE_PREFIX_PATH=${CMAKE_PREFIX_PATH}:/opt/ros/jazzy DEBUGINFOD_URLS=https://debuginfod.ubuntu.com /usr/bin/cmake /home/darsh/ros2/src/diff_drive_robot-main -DAMENT_CMAKE_SYMLINK_INSTALL=1 -DCMAKE_INSTALL_PREFIX=/home/darsh/ros2/install/diff_drive_robot
[3.562s] DEBUG:colcon.colcon_core.event_handler.log_command:Invoked command in '/home/darsh/ros2/build/diff_drive_robot' returned '0': CMAKE_PREFIX_PATH=${CMAKE_PREFIX_PATH}:/opt/ros/jazzy DEBUGINFOD_URLS=https://debuginfod.ubuntu.com /usr/bin/cmake /home/darsh/ros2/src/diff_drive_robot-main -DAMENT_CMAKE_SYMLINK_INSTALL=1 -DCMAKE_INSTALL_PREFIX=/home/darsh/ros2/install/diff_drive_robot
[3.564s] DEBUG:colcon.colcon_core.event_handler.log_command:Invoking command in '/home/darsh/ros2/build/diff_drive_robot': CMAKE_PREFIX_PATH=${CMAKE_PREFIX_PATH}:/opt/ros/jazzy DEBUGINFOD_URLS=https://debuginfod.ubuntu.com /usr/bin/cmake --build /home/darsh/ros2/build/diff_drive_robot -- -j12 -l12
[3.650s] DEBUG:colcon.colcon_core.event_handler.log_command:Invoked command in '/home/darsh/ros2/build/diff_drive_robot' returned '0': CMAKE_PREFIX_PATH=${CMAKE_PREFIX_PATH}:/opt/ros/jazzy DEBUGINFOD_URLS=https://debuginfod.ubuntu.com /usr/bin/cmake --build /home/darsh/ros2/build/diff_drive_robot -- -j12 -l12
[3.668s] DEBUG:colcon.colcon_core.event_handler.log_command:Invoking command in '/home/darsh/ros2/build/diff_drive_robot': CMAKE_PREFIX_PATH=${CMAKE_PREFIX_PATH}:/opt/ros/jazzy DEBUGINFOD_URLS=https://debuginfod.ubuntu.com /usr/bin/cmake --install /home/darsh/ros2/build/diff_drive_robot
[4.380s] Level 1:colcon.colcon_core.environment:create_environment_scripts_only(diff_drive_robot)
[4.383s] DEBUG:colcon.colcon_core.event_handler.log_command:Invoked command in '/home/darsh/ros2/build/diff_drive_robot' returned '0': CMAKE_PREFIX_PATH=${CMAKE_PREFIX_PATH}:/opt/ros/jazzy DEBUGINFOD_URLS=https://debuginfod.ubuntu.com /usr/bin/cmake --install /home/darsh/ros2/build/diff_drive_robot
[4.412s] Level 1:colcon.colcon_core.environment:checking '/home/darsh/ros2/install/diff_drive_robot' for CMake module files
[4.415s] Level 1:colcon.colcon_core.environment:checking '/home/darsh/ros2/install/diff_drive_robot' for CMake config files
[4.416s] Level 1:colcon.colcon_core.shell:create_environment_hook('diff_drive_robot', 'cmake_prefix_path')
[4.417s] INFO:colcon.colcon_core.shell:Creating environment hook '/home/darsh/ros2/install/diff_drive_robot/share/diff_drive_robot/hook/cmake_prefix_path.ps1'
[4.421s] INFO:colcon.colcon_core.shell:Creating environment descriptor '/home/darsh/ros2/install/diff_drive_robot/share/diff_drive_robot/hook/cmake_prefix_path.dsv'
[4.422s] INFO:colcon.colcon_core.shell:Creating environment hook '/home/darsh/ros2/install/diff_drive_robot/share/diff_drive_robot/hook/cmake_prefix_path.sh'
[4.425s] Level 1:colcon.colcon_core.environment:checking '/home/darsh/ros2/install/diff_drive_robot/lib'
[4.425s] Level 1:colcon.colcon_core.environment:checking '/home/darsh/ros2/install/diff_drive_robot/bin'
[4.425s] Level 1:colcon.colcon_core.environment:checking '/home/darsh/ros2/install/diff_drive_robot/lib/pkgconfig/diff_drive_robot.pc'
[4.425s] Level 1:colcon.colcon_core.environment:checking '/home/darsh/ros2/install/diff_drive_robot/lib/python3.12/site-packages'
[4.429s] Level 1:colcon.colcon_core.environment:checking '/home/darsh/ros2/install/diff_drive_robot/bin'
[4.430s] INFO:colcon.colcon_core.shell:Creating package script '/home/darsh/ros2/install/diff_drive_robot/share/diff_drive_robot/package.ps1'
[4.431s] INFO:colcon.colcon_core.shell:Creating package descriptor '/home/darsh/ros2/install/diff_drive_robot/share/diff_drive_robot/package.dsv'
[4.433s] INFO:colcon.colcon_core.shell:Creating package script '/home/darsh/ros2/install/diff_drive_robot/share/diff_drive_robot/package.sh'
[4.437s] INFO:colcon.colcon_core.shell:Creating package script '/home/darsh/ros2/install/diff_drive_robot/share/diff_drive_robot/package.bash'
[4.439s] INFO:colcon.colcon_core.shell:Creating package script '/home/darsh/ros2/install/diff_drive_robot/share/diff_drive_robot/package.zsh'
[4.441s] Level 1:colcon.colcon_core.environment:create_file_with_runtime_dependencies(/home/darsh/ros2/install/diff_drive_robot/share/colcon-core/packages/diff_drive_robot)
[4.450s] Level 1:colcon.colcon_core.environment:create_environment_scripts_only(diff_drive_robot)
[4.451s] Level 1:colcon.colcon_core.environment:checking '/home/darsh/ros2/install/diff_drive_robot' for CMake module files
[4.456s] Level 1:colcon.colcon_core.environment:checking '/home/darsh/ros2/install/diff_drive_robot' for CMake config files
[4.457s] Level 1:colcon.colcon_core.shell:create_environment_hook('diff_drive_robot', 'cmake_prefix_path')
[4.457s] INFO:colcon.colcon_core.shell:Creating environment hook '/home/darsh/ros2/install/diff_drive_robot/share/diff_drive_robot/hook/cmake_prefix_path.ps1'
[4.458s] INFO:colcon.colcon_core.shell:Creating environment descriptor '/home/darsh/ros2/install/diff_drive_robot/share/diff_drive_robot/hook/cmake_prefix_path.dsv'
[4.460s] INFO:colcon.colcon_core.shell:Creating environment hook '/home/darsh/ros2/install/diff_drive_robot/share/diff_drive_robot/hook/cmake_prefix_path.sh'
[4.466s] Level 1:colcon.colcon_core.environment:checking '/home/darsh/ros2/install/diff_drive_robot/lib'
[4.466s] Level 1:colcon.colcon_core.environment:checking '/home/darsh/ros2/install/diff_drive_robot/bin'
[4.466s] Level 1:colcon.colcon_core.environment:checking '/home/darsh/ros2/install/diff_drive_robot/lib/pkgconfig/diff_drive_robot.pc'
[4.466s] Level 1:colcon.colcon_core.environment:checking '/home/darsh/ros2/install/diff_drive_robot/lib/python3.12/site-packages'
[4.468s] Level 1:colcon.colcon_core.environment:checking '/home/darsh/ros2/install/diff_drive_robot/bin'
[4.468s] INFO:colcon.colcon_core.shell:Creating package script '/home/darsh/ros2/install/diff_drive_robot/share/diff_drive_robot/package.ps1'
[4.469s] INFO:colcon.colcon_core.shell:Creating package descriptor '/home/darsh/ros2/install/diff_drive_robot/share/diff_drive_robot/package.dsv'
[4.473s] INFO:colcon.colcon_core.shell:Creating package script '/home/darsh/ros2/install/diff_drive_robot/share/diff_drive_robot/package.sh'
[4.476s] INFO:colcon.colcon_core.shell:Creating package script '/home/darsh/ros2/install/diff_drive_robot/share/diff_drive_robot/package.bash'
[4.477s] INFO:colcon.colcon_core.shell:Creating package script '/home/darsh/ros2/install/diff_drive_robot/share/diff_drive_robot/package.zsh'
[4.480s] Level 1:colcon.colcon_core.environment:create_file_with_runtime_dependencies(/home/darsh/ros2/install/diff_drive_robot/share/colcon-core/packages/diff_drive_robot)
[4.480s] DEBUG:colcon.colcon_parallel_executor.executor.parallel:closing loop
[4.483s] DEBUG:colcon.colcon_parallel_executor.executor.parallel:loop closed
[4.483s] DEBUG:colcon.colcon_parallel_executor.executor.parallel:run_until_complete finished with '0'
[4.484s] DEBUG:colcon.colcon_core.event_reactor:joining thread
[4.494s] INFO:colcon.colcon_core.plugin_system:Skipping extension 'colcon_notification.desktop_notification.terminal_notifier': Not used on non-Darwin systems
[4.494s] INFO:colcon.colcon_core.plugin_system:Skipping extension 'colcon_notification.desktop_notification.win32': Not used on non-Windows systems
[4.494s] INFO:colcon.colcon_notification.desktop_notification:Sending desktop notification using 'notify2'
[4.542s] DEBUG:colcon.colcon_core.event_reactor:joined thread
[4.543s] INFO:colcon.colcon_core.shell:Creating prefix script '/home/darsh/ros2/install/local_setup.ps1'
[4.545s] INFO:colcon.colcon_core.shell:Creating prefix util module '/home/darsh/ros2/install/_local_setup_util_ps1.py'
[4.588s] INFO:colcon.colcon_core.shell:Creating prefix chain script '/home/darsh/ros2/install/setup.ps1'
[4.591s] INFO:colcon.colcon_core.shell:Creating prefix script '/home/darsh/ros2/install/local_setup.sh'
[4.592s] INFO:colcon.colcon_core.shell:Creating prefix util module '/home/darsh/ros2/install/_local_setup_util_sh.py'
[4.592s] INFO:colcon.colcon_core.shell:Creating prefix chain script '/home/darsh/ros2/install/setup.sh'
[4.593s] INFO:colcon.colcon_core.shell:Creating prefix script '/home/darsh/ros2/install/local_setup.bash'
[4.593s] INFO:colcon.colcon_core.shell:Creating prefix chain script '/home/darsh/ros2/install/setup.bash'
[4.594s] INFO:colcon.colcon_core.shell:Creating prefix script '/home/darsh/ros2/install/local_setup.zsh'
[4.595s] INFO:colcon.colcon_core.shell:Creating prefix chain script '/home/darsh/ros2/install/setup.zsh'
