[0.022s] Invoking command in '/home/darsh/ros2/build/diff_drive_robot': CMAKE_PREFIX_PATH=${CMAKE_PREFIX_PATH}:/opt/ros/jazzy DEBUGINFOD_URLS=https://debuginfod.ubuntu.com /usr/bin/cmake --build /home/darsh/ros2/build/diff_drive_robot -- -j12 -l12
[0.199s] Invoked command in '/home/darsh/ros2/build/diff_drive_robot' returned '0': CMAKE_PREFIX_PATH=${CMAKE_PREFIX_PATH}:/opt/ros/jazzy DEBUGINFOD_URLS=https://debuginfod.ubuntu.com /usr/bin/cmake --build /home/darsh/ros2/build/diff_drive_robot -- -j12 -l12
[0.215s] Invoking command in '/home/darsh/ros2/build/diff_drive_robot': CMAKE_PREFIX_PATH=${CMAKE_PREFIX_PATH}:/opt/ros/jazzy DEBUGINFOD_URLS=https://debuginfod.ubuntu.com /usr/bin/cmake --install /home/darsh/ros2/build/diff_drive_robot
[0.230s] -- Install configuration: ""
[0.233s] -- Execute custom install script
[0.234s] -- Up-to-date symlink: /home/darsh/ros2/install/diff_drive_robot/lib/diff_drive_robot/navigation.py
[0.234s] -- Up-to-date symlink: /home/darsh/ros2/install/diff_drive_robot/lib/diff_drive_robot/cmd_vel_publisher.py
[0.234s] -- Up-to-date symlink: /home/darsh/ros2/install/diff_drive_robot/lib/diff_drive_robot/nav2.py
[0.236s] -- Symlinking: /home/darsh/ros2/install/diff_drive_robot/share/diff_drive_robot/launch/bringup_launch.py
[0.249s] -- Symlinking: /home/darsh/ros2/install/diff_drive_robot/share/diff_drive_robot/launch/cloned_multi_tb3_simulation_launch.py
[0.262s] -- Symlinking: /home/darsh/ros2/install/diff_drive_robot/share/diff_drive_robot/launch/localization_launch.py
[0.275s] -- Symlinking: /home/darsh/ros2/install/diff_drive_robot/share/diff_drive_robot/launch/navigation_launch.py
[0.283s] -- Up-to-date symlink: /home/darsh/ros2/install/diff_drive_robot/share/diff_drive_robot/launch/robot.launch.py
[0.283s] -- Up-to-date symlink: /home/darsh/ros2/install/diff_drive_robot/share/diff_drive_robot/launch/rsp.launch.py
[0.283s] -- Symlinking: /home/darsh/ros2/install/diff_drive_robot/share/diff_drive_robot/launch/rviz_launch.py
[0.292s] -- Symlinking: /home/darsh/ros2/install/diff_drive_robot/share/diff_drive_robot/launch/slam_launch.py
[0.309s] -- Symlinking: /home/darsh/ros2/install/diff_drive_robot/share/diff_drive_robot/launch/tb3_loopback_simulation.launch.py
[0.317s] -- Symlinking: /home/darsh/ros2/install/diff_drive_robot/share/diff_drive_robot/launch/tb3_simulation_launch.py
[0.341s] -- Symlinking: /home/darsh/ros2/install/diff_drive_robot/share/diff_drive_robot/launch/tb4_loopback_simulation.launch.py
[0.358s] -- Symlinking: /home/darsh/ros2/install/diff_drive_robot/share/diff_drive_robot/launch/tb4_simulation_launch.py
[0.368s] -- Symlinking: /home/darsh/ros2/install/diff_drive_robot/share/diff_drive_robot/launch/unique_multi_tb3_simulation_launch.py
[0.376s] -- Up-to-date symlink: /home/darsh/ros2/install/diff_drive_robot/share/diff_drive_robot/urdf/gazebo_control.xacro
[0.377s] -- Up-to-date symlink: /home/darsh/ros2/install/diff_drive_robot/share/diff_drive_robot/urdf/inertial_macros.xacro
[0.377s] -- Up-to-date symlink: /home/darsh/ros2/install/diff_drive_robot/share/diff_drive_robot/urdf/lidar.xacro
[0.377s] -- Up-to-date symlink: /home/darsh/ros2/install/diff_drive_robot/share/diff_drive_robot/urdf/robot.urdf.xacro
[0.378s] -- Up-to-date symlink: /home/darsh/ros2/install/diff_drive_robot/share/diff_drive_robot/urdf/robot_core.xacro
[0.378s] -- Up-to-date symlink: /home/darsh/ros2/install/diff_drive_robot/share/diff_drive_robot/config/costmap.yaml
[0.378s] -- Up-to-date symlink: /home/darsh/ros2/install/diff_drive_robot/share/diff_drive_robot/config/gz_bridge.yaml
[0.378s] -- Symlinking: /home/darsh/ros2/install/diff_drive_robot/share/diff_drive_robot/config/nav2_multirobot_params_1.yaml
[0.385s] -- Symlinking: /home/darsh/ros2/install/diff_drive_robot/share/diff_drive_robot/config/nav2_multirobot_params_2.yaml
[0.392s] -- Symlinking: /home/darsh/ros2/install/diff_drive_robot/share/diff_drive_robot/config/nav2_multirobot_params_all.yaml
[0.400s] -- Symlinking: /home/darsh/ros2/install/diff_drive_robot/share/diff_drive_robot/config/nav2_params copy.yaml
[0.430s] -- Up-to-date symlink: /home/darsh/ros2/install/diff_drive_robot/share/diff_drive_robot/config/nav2_params.yaml
[0.431s] -- Up-to-date symlink: /home/darsh/ros2/install/diff_drive_robot/share/diff_drive_robot/worlds/empty.world
[0.437s] -- Up-to-date symlink: /home/darsh/ros2/install/diff_drive_robot/share/diff_drive_robot/worlds/obstacles.world
[0.437s] -- Up-to-date symlink: /home/darsh/ros2/install/diff_drive_robot/share/diff_drive_robot/rviz/bot.rviz
[0.438s] -- Up-to-date symlink: /home/darsh/ros2/install/diff_drive_robot/lib/diff_drive_robot/navigation.py
[0.438s] -- Up-to-date symlink: /home/darsh/ros2/install/diff_drive_robot/lib/diff_drive_robot/path_planning.py
[0.438s] -- Up-to-date symlink: /home/darsh/ros2/install/diff_drive_robot/lib/diff_drive_robot/cmd_vel_publisher.py
[0.439s] -- Up-to-date symlink: /home/darsh/ros2/install/diff_drive_robot/share/ament_index/resource_index/package_run_dependencies/diff_drive_robot
[0.439s] -- Up-to-date symlink: /home/darsh/ros2/install/diff_drive_robot/share/ament_index/resource_index/parent_prefix_path/diff_drive_robot
[0.439s] -- Up-to-date symlink: /home/darsh/ros2/install/diff_drive_robot/share/diff_drive_robot/environment/ament_prefix_path.sh
[0.439s] -- Up-to-date symlink: /home/darsh/ros2/install/diff_drive_robot/share/diff_drive_robot/environment/ament_prefix_path.dsv
[0.439s] -- Up-to-date symlink: /home/darsh/ros2/install/diff_drive_robot/share/diff_drive_robot/environment/path.sh
[0.439s] -- Up-to-date symlink: /home/darsh/ros2/install/diff_drive_robot/share/diff_drive_robot/environment/path.dsv
[0.439s] -- Up-to-date symlink: /home/darsh/ros2/install/diff_drive_robot/share/diff_drive_robot/local_setup.bash
[0.439s] -- Up-to-date symlink: /home/darsh/ros2/install/diff_drive_robot/share/diff_drive_robot/local_setup.sh
[0.439s] -- Up-to-date symlink: /home/darsh/ros2/install/diff_drive_robot/share/diff_drive_robot/local_setup.zsh
[0.439s] -- Up-to-date symlink: /home/darsh/ros2/install/diff_drive_robot/share/diff_drive_robot/local_setup.dsv
[0.440s] -- Symlinking: /home/darsh/ros2/install/diff_drive_robot/share/diff_drive_robot/package.dsv
[0.452s] -- Up-to-date symlink: /home/darsh/ros2/install/diff_drive_robot/share/ament_index/resource_index/packages/diff_drive_robot
[0.452s] -- Up-to-date symlink: /home/darsh/ros2/install/diff_drive_robot/share/diff_drive_robot/cmake/diff_drive_robotConfig.cmake
[0.452s] -- Up-to-date symlink: /home/darsh/ros2/install/diff_drive_robot/share/diff_drive_robot/cmake/diff_drive_robotConfig-version.cmake
[0.452s] -- Up-to-date symlink: /home/darsh/ros2/install/diff_drive_robot/share/diff_drive_robot/package.xml
[0.454s] Invoked command in '/home/darsh/ros2/build/diff_drive_robot' returned '0': CMAKE_PREFIX_PATH=${CMAKE_PREFIX_PATH}:/opt/ros/jazzy DEBUGINFOD_URLS=https://debuginfod.ubuntu.com /usr/bin/cmake --install /home/darsh/ros2/build/diff_drive_robot
