-- Found ament_cmake: 2.5.3 (/opt/ros/jazzy/share/ament_cmake/cmake)
-- Override CMake install command with custom implementation using symlinks instead of copying resources
-- Found ament_lint_auto: 0.17.1 (/opt/ros/jazzy/share/ament_lint_auto/cmake)
-- Added test 'flake8' to check Python code syntax and style conventions
-- Configured 'flake8' exclude dirs and/or files: 
-- Added test 'lint_cmake' to check CMake code style
-- Added test 'pep257' to check Python code against some of the docstring style conventions in PEP 257
-- Added test 'xmllint' to check XML markup files
-- Configuring done (0.7s)
-- Generating done (0.0s)
-- Build files have been written to: /home/darsh/ros2/build/diff_drive_robot
-- Install configuration: ""
-- Execute custom install script
-- Up-to-date symlink: /home/darsh/ros2/install/diff_drive_robot/lib/diff_drive_robot/navigation.py
-- Up-to-date symlink: /home/darsh/ros2/install/diff_drive_robot/lib/diff_drive_robot/cmd_vel_publisher.py
-- Symlinking: /home/darsh/ros2/install/diff_drive_robot/lib/diff_drive_robot/nav2.py
-- Up-to-date symlink: /home/darsh/ros2/install/diff_drive_robot/share/diff_drive_robot/launch/robot.launch.py
-- Up-to-date symlink: /home/darsh/ros2/install/diff_drive_robot/share/diff_drive_robot/launch/rsp.launch.py
-- Up-to-date symlink: /home/darsh/ros2/install/diff_drive_robot/share/diff_drive_robot/urdf/gazebo_control.xacro
-- Up-to-date symlink: /home/darsh/ros2/install/diff_drive_robot/share/diff_drive_robot/urdf/inertial_macros.xacro
-- Up-to-date symlink: /home/darsh/ros2/install/diff_drive_robot/share/diff_drive_robot/urdf/lidar.xacro
-- Up-to-date symlink: /home/darsh/ros2/install/diff_drive_robot/share/diff_drive_robot/urdf/robot.urdf.xacro
-- Up-to-date symlink: /home/darsh/ros2/install/diff_drive_robot/share/diff_drive_robot/urdf/robot_core.xacro
-- Up-to-date symlink: /home/darsh/ros2/install/diff_drive_robot/share/diff_drive_robot/config/costmap.yaml
-- Up-to-date symlink: /home/darsh/ros2/install/diff_drive_robot/share/diff_drive_robot/config/gz_bridge.yaml
-- Up-to-date symlink: /home/darsh/ros2/install/diff_drive_robot/share/diff_drive_robot/config/nav2_params.yaml
-- Up-to-date symlink: /home/darsh/ros2/install/diff_drive_robot/share/diff_drive_robot/worlds/empty.world
-- Up-to-date symlink: /home/darsh/ros2/install/diff_drive_robot/share/diff_drive_robot/worlds/obstacles.world
-- Up-to-date symlink: /home/darsh/ros2/install/diff_drive_robot/share/diff_drive_robot/rviz/bot.rviz
-- Up-to-date symlink: /home/darsh/ros2/install/diff_drive_robot/lib/diff_drive_robot/navigation.py
-- Up-to-date symlink: /home/darsh/ros2/install/diff_drive_robot/lib/diff_drive_robot/path_planning.py
-- Up-to-date symlink: /home/darsh/ros2/install/diff_drive_robot/lib/diff_drive_robot/cmd_vel_publisher.py
-- Up-to-date symlink: /home/darsh/ros2/install/diff_drive_robot/share/ament_index/resource_index/package_run_dependencies/diff_drive_robot
-- Up-to-date symlink: /home/darsh/ros2/install/diff_drive_robot/share/ament_index/resource_index/parent_prefix_path/diff_drive_robot
-- Up-to-date symlink: /home/darsh/ros2/install/diff_drive_robot/share/diff_drive_robot/environment/ament_prefix_path.sh
-- Up-to-date symlink: /home/darsh/ros2/install/diff_drive_robot/share/diff_drive_robot/environment/ament_prefix_path.dsv
-- Up-to-date symlink: /home/darsh/ros2/install/diff_drive_robot/share/diff_drive_robot/environment/path.sh
-- Up-to-date symlink: /home/darsh/ros2/install/diff_drive_robot/share/diff_drive_robot/environment/path.dsv
-- Up-to-date symlink: /home/darsh/ros2/install/diff_drive_robot/share/diff_drive_robot/local_setup.bash
-- Up-to-date symlink: /home/darsh/ros2/install/diff_drive_robot/share/diff_drive_robot/local_setup.sh
-- Up-to-date symlink: /home/darsh/ros2/install/diff_drive_robot/share/diff_drive_robot/local_setup.zsh
-- Up-to-date symlink: /home/darsh/ros2/install/diff_drive_robot/share/diff_drive_robot/local_setup.dsv
-- Symlinking: /home/darsh/ros2/install/diff_drive_robot/share/diff_drive_robot/package.dsv
-- Up-to-date symlink: /home/darsh/ros2/install/diff_drive_robot/share/ament_index/resource_index/packages/diff_drive_robot
-- Up-to-date symlink: /home/darsh/ros2/install/diff_drive_robot/share/diff_drive_robot/cmake/diff_drive_robotConfig.cmake
-- Up-to-date symlink: /home/darsh/ros2/install/diff_drive_robot/share/diff_drive_robot/cmake/diff_drive_robotConfig-version.cmake
-- Up-to-date symlink: /home/darsh/ros2/install/diff_drive_robot/share/diff_drive_robot/package.xml
