[0.011s] Invoking command in '/home/darsh/ros2/build/diff_drive_robot': CMAKE_PREFIX_PATH=${CMAKE_PREFIX_PATH}:/opt/ros/jazzy DEBUGINFOD_URLS=https://debuginfod.ubuntu.com /usr/bin/cmake --build /home/darsh/ros2/build/diff_drive_robot -- -j12 -l12
[0.069s] -- Found ament_cmake: 2.5.3 (/opt/ros/jazzy/share/ament_cmake/cmake)
[0.461s] -- Override CMake install command with custom implementation using symlinks instead of copying resources
[0.531s] -- Found ament_lint_auto: 0.17.1 (/opt/ros/jazzy/share/ament_lint_auto/cmake)
[0.731s] -- Added test 'flake8' to check Python code syntax and style conventions
[0.731s] -- Configured 'flake8' exclude dirs and/or files: 
[0.732s] -- Added test 'lint_cmake' to check CMake code style
[0.733s] -- Added test 'pep257' to check Python code against some of the docstring style conventions in PEP 257
[0.738s] -- Added test 'xmllint' to check XML markup files
[0.741s] -- Configuring done (0.7s)
[0.753s] -- Generating done (0.0s)
[0.757s] -- Build files have been written to: /home/darsh/ros2/build/diff_drive_robot
[0.822s] Invoked command in '/home/darsh/ros2/build/diff_drive_robot' returned '0': CMAKE_PREFIX_PATH=${CMAKE_PREFIX_PATH}:/opt/ros/jazzy DEBUGINFOD_URLS=https://debuginfod.ubuntu.com /usr/bin/cmake --build /home/darsh/ros2/build/diff_drive_robot -- -j12 -l12
[0.845s] Invoking command in '/home/darsh/ros2/build/diff_drive_robot': CMAKE_PREFIX_PATH=${CMAKE_PREFIX_PATH}:/opt/ros/jazzy DEBUGINFOD_URLS=https://debuginfod.ubuntu.com /usr/bin/cmake --install /home/darsh/ros2/build/diff_drive_robot
[0.858s] -- Install configuration: ""
[0.858s] -- Execute custom install script
[0.858s] -- Up-to-date symlink: /home/darsh/ros2/install/diff_drive_robot/lib/diff_drive_robot/navigation.py
[0.858s] -- Up-to-date symlink: /home/darsh/ros2/install/diff_drive_robot/lib/diff_drive_robot/cmd_vel_publisher.py
[0.858s] -- Symlinking: /home/darsh/ros2/install/diff_drive_robot/lib/diff_drive_robot/nav2.py
[0.866s] -- Up-to-date symlink: /home/darsh/ros2/install/diff_drive_robot/share/diff_drive_robot/launch/robot.launch.py
[0.866s] -- Up-to-date symlink: /home/darsh/ros2/install/diff_drive_robot/share/diff_drive_robot/launch/rsp.launch.py
[0.867s] -- Up-to-date symlink: /home/darsh/ros2/install/diff_drive_robot/share/diff_drive_robot/urdf/gazebo_control.xacro
[0.867s] -- Up-to-date symlink: /home/darsh/ros2/install/diff_drive_robot/share/diff_drive_robot/urdf/inertial_macros.xacro
[0.867s] -- Up-to-date symlink: /home/darsh/ros2/install/diff_drive_robot/share/diff_drive_robot/urdf/lidar.xacro
[0.867s] -- Up-to-date symlink: /home/darsh/ros2/install/diff_drive_robot/share/diff_drive_robot/urdf/robot.urdf.xacro
[0.868s] -- Up-to-date symlink: /home/darsh/ros2/install/diff_drive_robot/share/diff_drive_robot/urdf/robot_core.xacro
[0.868s] -- Up-to-date symlink: /home/darsh/ros2/install/diff_drive_robot/share/diff_drive_robot/config/costmap.yaml
[0.868s] -- Up-to-date symlink: /home/darsh/ros2/install/diff_drive_robot/share/diff_drive_robot/config/gz_bridge.yaml
[0.869s] -- Up-to-date symlink: /home/darsh/ros2/install/diff_drive_robot/share/diff_drive_robot/config/nav2_params.yaml
[0.869s] -- Up-to-date symlink: /home/darsh/ros2/install/diff_drive_robot/share/diff_drive_robot/worlds/empty.world
[0.869s] -- Up-to-date symlink: /home/darsh/ros2/install/diff_drive_robot/share/diff_drive_robot/worlds/obstacles.world
[0.870s] -- Up-to-date symlink: /home/darsh/ros2/install/diff_drive_robot/share/diff_drive_robot/rviz/bot.rviz
[0.870s] -- Up-to-date symlink: /home/darsh/ros2/install/diff_drive_robot/lib/diff_drive_robot/navigation.py
[0.871s] -- Up-to-date symlink: /home/darsh/ros2/install/diff_drive_robot/lib/diff_drive_robot/path_planning.py
[0.871s] -- Up-to-date symlink: /home/darsh/ros2/install/diff_drive_robot/lib/diff_drive_robot/cmd_vel_publisher.py
[0.871s] -- Up-to-date symlink: /home/darsh/ros2/install/diff_drive_robot/share/ament_index/resource_index/package_run_dependencies/diff_drive_robot
[0.871s] -- Up-to-date symlink: /home/darsh/ros2/install/diff_drive_robot/share/ament_index/resource_index/parent_prefix_path/diff_drive_robot
[0.872s] -- Up-to-date symlink: /home/darsh/ros2/install/diff_drive_robot/share/diff_drive_robot/environment/ament_prefix_path.sh
[0.872s] -- Up-to-date symlink: /home/darsh/ros2/install/diff_drive_robot/share/diff_drive_robot/environment/ament_prefix_path.dsv
[0.872s] -- Up-to-date symlink: /home/darsh/ros2/install/diff_drive_robot/share/diff_drive_robot/environment/path.sh
[0.872s] -- Up-to-date symlink: /home/darsh/ros2/install/diff_drive_robot/share/diff_drive_robot/environment/path.dsv
[0.872s] -- Up-to-date symlink: /home/darsh/ros2/install/diff_drive_robot/share/diff_drive_robot/local_setup.bash
[0.872s] -- Up-to-date symlink: /home/darsh/ros2/install/diff_drive_robot/share/diff_drive_robot/local_setup.sh
[0.872s] -- Up-to-date symlink: /home/darsh/ros2/install/diff_drive_robot/share/diff_drive_robot/local_setup.zsh
[0.872s] -- Up-to-date symlink: /home/darsh/ros2/install/diff_drive_robot/share/diff_drive_robot/local_setup.dsv
[0.872s] -- Symlinking: /home/darsh/ros2/install/diff_drive_robot/share/diff_drive_robot/package.dsv
[0.882s] -- Up-to-date symlink: /home/darsh/ros2/install/diff_drive_robot/share/ament_index/resource_index/packages/diff_drive_robot
[0.883s] -- Up-to-date symlink: /home/darsh/ros2/install/diff_drive_robot/share/diff_drive_robot/cmake/diff_drive_robotConfig.cmake
[0.883s] -- Up-to-date symlink: /home/darsh/ros2/install/diff_drive_robot/share/diff_drive_robot/cmake/diff_drive_robotConfig-version.cmake
[0.883s] -- Up-to-date symlink: /home/darsh/ros2/install/diff_drive_robot/share/diff_drive_robot/package.xml
[0.897s] Invoked command in '/home/darsh/ros2/build/diff_drive_robot' returned '0': CMAKE_PREFIX_PATH=${CMAKE_PREFIX_PATH}:/opt/ros/jazzy DEBUGINFOD_URLS=https://debuginfod.ubuntu.com /usr/bin/cmake --install /home/darsh/ros2/build/diff_drive_robot
