[0.028s] Invoking command in '/home/darsh/rosnav/build/diff_drive_robot': CMAKE_PREFIX_PATH=${CMAKE_PREFIX_PATH}:/opt/ros/jazzy /usr/bin/cmake --build /home/darsh/rosnav/build/diff_drive_robot -- -j4 -l4
[0.097s] Invoked command in '/home/darsh/rosnav/build/diff_drive_robot' returned '0': CMAKE_PREFIX_PATH=${CMAKE_PREFIX_PATH}:/opt/ros/jazzy /usr/bin/cmake --build /home/darsh/rosnav/build/diff_drive_robot -- -j4 -l4
[0.109s] Invoking command in '/home/darsh/rosnav/build/diff_drive_robot': CMAKE_PREFIX_PATH=${CMAKE_PREFIX_PATH}:/opt/ros/jazzy /usr/bin/cmake --install /home/darsh/rosnav/build/diff_drive_robot
[0.122s] -- Install configuration: ""
[0.122s] -- Up-to-date: /home/darsh/rosnav/install/diff_drive_robot/lib/diff_drive_robot/navigation.py
[0.123s] -- Up-to-date: /home/darsh/rosnav/install/diff_drive_robot/share/diff_drive_robot/launch
[0.123s] -- Up-to-date: /home/darsh/rosnav/install/diff_drive_robot/share/diff_drive_robot/launch/slam_launch.py
[0.123s] -- Up-to-date: /home/darsh/rosnav/install/diff_drive_robot/share/diff_drive_robot/launch/.DS_Store
[0.123s] -- Up-to-date: /home/darsh/rosnav/install/diff_drive_robot/share/diff_drive_robot/launch/nav2.launch.py
[0.124s] -- Up-to-date: /home/darsh/rosnav/install/diff_drive_robot/share/diff_drive_robot/launch/slam.launch.py
[0.124s] -- Up-to-date: /home/darsh/rosnav/install/diff_drive_robot/share/diff_drive_robot/launch/robot.launch.py
[0.124s] -- Up-to-date: /home/darsh/rosnav/install/diff_drive_robot/share/diff_drive_robot/launch/bringup_launch.py
[0.124s] -- Up-to-date: /home/darsh/rosnav/install/diff_drive_robot/share/diff_drive_robot/launch/rsp.launch.py
[0.124s] -- Up-to-date: /home/darsh/rosnav/install/diff_drive_robot/share/diff_drive_robot/launch/rviz_launch.py
[0.124s] -- Up-to-date: /home/darsh/rosnav/install/diff_drive_robot/share/diff_drive_robot/urdf
[0.124s] -- Up-to-date: /home/darsh/rosnav/install/diff_drive_robot/share/diff_drive_robot/urdf/gazebo_control.xacro
[0.124s] -- Up-to-date: /home/darsh/rosnav/install/diff_drive_robot/share/diff_drive_robot/urdf/robot.urdf.xacro
[0.125s] -- Up-to-date: /home/darsh/rosnav/install/diff_drive_robot/share/diff_drive_robot/urdf/inertial_macros.xacro
[0.125s] -- Up-to-date: /home/darsh/rosnav/install/diff_drive_robot/share/diff_drive_robot/urdf/lidar.xacro
[0.125s] -- Up-to-date: /home/darsh/rosnav/install/diff_drive_robot/share/diff_drive_robot/urdf/robot_core.xacro
[0.125s] -- Up-to-date: /home/darsh/rosnav/install/diff_drive_robot/share/diff_drive_robot/config
[0.125s] -- Up-to-date: /home/darsh/rosnav/install/diff_drive_robot/share/diff_drive_robot/config/nav2_multirobot_params_1.yaml
[0.125s] -- Up-to-date: /home/darsh/rosnav/install/diff_drive_robot/share/diff_drive_robot/config/gz_bridge.yaml
[0.125s] -- Up-to-date: /home/darsh/rosnav/install/diff_drive_robot/share/diff_drive_robot/config/slam_params.yaml
[0.125s] -- Up-to-date: /home/darsh/rosnav/install/diff_drive_robot/share/diff_drive_robot/config/nav2_params copy.yaml
[0.125s] -- Up-to-date: /home/darsh/rosnav/install/diff_drive_robot/share/diff_drive_robot/config/mapper_params_lifelong.yaml
[0.126s] -- Up-to-date: /home/darsh/rosnav/install/diff_drive_robot/share/diff_drive_robot/config/mapper_params_online_sync.yaml
[0.126s] -- Up-to-date: /home/darsh/rosnav/install/diff_drive_robot/share/diff_drive_robot/config/.DS_Store
[0.126s] -- Up-to-date: /home/darsh/rosnav/install/diff_drive_robot/share/diff_drive_robot/config/nav2_multirobot_params_all.yaml
[0.126s] -- Up-to-date: /home/darsh/rosnav/install/diff_drive_robot/share/diff_drive_robot/config/mapper_params_localization.yaml
[0.126s] -- Up-to-date: /home/darsh/rosnav/install/diff_drive_robot/share/diff_drive_robot/config/costmap.yaml
[0.126s] -- Up-to-date: /home/darsh/rosnav/install/diff_drive_robot/share/diff_drive_robot/config/nav2_multirobot_params_2.yaml
[0.126s] -- Up-to-date: /home/darsh/rosnav/install/diff_drive_robot/share/diff_drive_robot/config/mapper_params_offline.yaml
[0.126s] -- Installing: /home/darsh/rosnav/install/diff_drive_robot/share/diff_drive_robot/config/mapper_params_online_async.yaml
[0.126s] -- Up-to-date: /home/darsh/rosnav/install/diff_drive_robot/share/diff_drive_robot/config/nav2_params.yaml
[0.126s] -- Up-to-date: /home/darsh/rosnav/install/diff_drive_robot/share/diff_drive_robot/config/slam_toolbox_default.rviz
[0.127s] -- Up-to-date: /home/darsh/rosnav/install/diff_drive_robot/share/diff_drive_robot/worlds
[0.127s] -- Installing: /home/darsh/rosnav/install/diff_drive_robot/share/diff_drive_robot/worlds/obstacles.world
[0.127s] -- Up-to-date: /home/darsh/rosnav/install/diff_drive_robot/share/diff_drive_robot/worlds/empty.world
[0.127s] -- Up-to-date: /home/darsh/rosnav/install/diff_drive_robot/share/diff_drive_robot/rviz
[0.127s] -- Up-to-date: /home/darsh/rosnav/install/diff_drive_robot/share/diff_drive_robot/rviz/.DS_Store
[0.127s] -- Up-to-date: /home/darsh/rosnav/install/diff_drive_robot/share/diff_drive_robot/rviz/bot.rviz
[0.127s] -- Up-to-date: /home/darsh/rosnav/install/diff_drive_robot/lib/diff_drive_robot/navigation.py
[0.128s] -- Up-to-date: /home/darsh/rosnav/install/diff_drive_robot/lib/diff_drive_robot/path_planning.py
[0.128s] -- Up-to-date: /home/darsh/rosnav/install/diff_drive_robot/share/ament_index/resource_index/package_run_dependencies/diff_drive_robot
[0.128s] -- Up-to-date: /home/darsh/rosnav/install/diff_drive_robot/share/ament_index/resource_index/parent_prefix_path/diff_drive_robot
[0.129s] -- Installing: /home/darsh/rosnav/install/diff_drive_robot/share/diff_drive_robot/environment/ament_prefix_path.sh
[0.129s] -- Up-to-date: /home/darsh/rosnav/install/diff_drive_robot/share/diff_drive_robot/environment/ament_prefix_path.dsv
[0.129s] -- Installing: /home/darsh/rosnav/install/diff_drive_robot/share/diff_drive_robot/environment/path.sh
[0.130s] -- Up-to-date: /home/darsh/rosnav/install/diff_drive_robot/share/diff_drive_robot/environment/path.dsv
[0.130s] -- Up-to-date: /home/darsh/rosnav/install/diff_drive_robot/share/diff_drive_robot/local_setup.bash
[0.130s] -- Up-to-date: /home/darsh/rosnav/install/diff_drive_robot/share/diff_drive_robot/local_setup.sh
[0.130s] -- Up-to-date: /home/darsh/rosnav/install/diff_drive_robot/share/diff_drive_robot/local_setup.zsh
[0.131s] -- Up-to-date: /home/darsh/rosnav/install/diff_drive_robot/share/diff_drive_robot/local_setup.dsv
[0.131s] -- Installing: /home/darsh/rosnav/install/diff_drive_robot/share/diff_drive_robot/package.dsv
[0.131s] -- Up-to-date: /home/darsh/rosnav/install/diff_drive_robot/share/ament_index/resource_index/packages/diff_drive_robot
[0.132s] -- Up-to-date: /home/darsh/rosnav/install/diff_drive_robot/share/diff_drive_robot/cmake/diff_drive_robotConfig.cmake
[0.132s] -- Up-to-date: /home/darsh/rosnav/install/diff_drive_robot/share/diff_drive_robot/cmake/diff_drive_robotConfig-version.cmake
[0.132s] -- Up-to-date: /home/darsh/rosnav/install/diff_drive_robot/share/diff_drive_robot/package.xml
[0.137s] Invoked command in '/home/darsh/rosnav/build/diff_drive_robot' returned '0': CMAKE_PREFIX_PATH=${CMAKE_PREFIX_PATH}:/opt/ros/jazzy /usr/bin/cmake --install /home/darsh/rosnav/build/diff_drive_robot
