[0.020s] Invoking command in '/home/darsh/rosnav/build/diff_drive_robot': CMAKE_PREFIX_PATH=${CMAKE_PREFIX_PATH}:/opt/ros/jazzy /usr/bin/cmake /home/darsh/rosnav/src/diff_drive_robot-main -DCMAKE_INSTALL_PREFIX=/home/darsh/rosnav/install/diff_drive_robot
[0.146s] -- The C compiler identification is GNU 13.3.0
[0.614s] -- The CXX compiler identification is GNU 13.3.0
[1.096s] -- Detecting C compiler ABI info
[1.320s] -- Detecting C compiler ABI info - done
[1.329s] -- Check for working C compiler: /usr/bin/cc - skipped
[1.329s] -- Detecting C compile features
[1.330s] -- Detecting C compile features - done
[1.416s] -- Detecting CXX compiler ABI info
[1.640s] -- Detecting CXX compiler ABI info - done
[1.650s] -- Check for working CXX compiler: /usr/bin/c++ - skipped
[1.651s] -- Detecting CXX compile features
[1.651s] -- Detecting CXX compile features - done
[1.657s] -- Found ament_cmake: 2.5.3 (/opt/ros/jazzy/share/ament_cmake/cmake)
[1.855s] -- Found Python3: /usr/bin/python3 (found version "3.12.3") found components: Interpreter 
[2.017s] -- Found ament_lint_auto: 0.17.2 (/opt/ros/jazzy/share/ament_lint_auto/cmake)
[2.163s] -- Added test 'flake8' to check Python code syntax and style conventions
[2.163s] -- Configured 'flake8' exclude dirs and/or files: 
[2.165s] -- Added test 'lint_cmake' to check CMake code style
[2.166s] -- Added test 'pep257' to check Python code against some of the docstring style conventions in PEP 257
[2.169s] -- Added test 'xmllint' to check XML markup files
[2.172s] -- Configuring done (2.1s)
[2.176s] -- Generating done (0.0s)
[2.177s] -- Build files have been written to: /home/darsh/rosnav/build/diff_drive_robot
[2.183s] Invoked command in '/home/darsh/rosnav/build/diff_drive_robot' returned '0': CMAKE_PREFIX_PATH=${CMAKE_PREFIX_PATH}:/opt/ros/jazzy /usr/bin/cmake /home/darsh/rosnav/src/diff_drive_robot-main -DCMAKE_INSTALL_PREFIX=/home/darsh/rosnav/install/diff_drive_robot
[2.184s] Invoking command in '/home/darsh/rosnav/build/diff_drive_robot': CMAKE_PREFIX_PATH=${CMAKE_PREFIX_PATH}:/opt/ros/jazzy /usr/bin/cmake --build /home/darsh/rosnav/build/diff_drive_robot -- -j4 -l4
[2.221s] Invoked command in '/home/darsh/rosnav/build/diff_drive_robot' returned '0': CMAKE_PREFIX_PATH=${CMAKE_PREFIX_PATH}:/opt/ros/jazzy /usr/bin/cmake --build /home/darsh/rosnav/build/diff_drive_robot -- -j4 -l4
[2.231s] Invoking command in '/home/darsh/rosnav/build/diff_drive_robot': CMAKE_PREFIX_PATH=${CMAKE_PREFIX_PATH}:/opt/ros/jazzy /usr/bin/cmake --install /home/darsh/rosnav/build/diff_drive_robot
[2.239s] -- Install configuration: ""
[2.240s] -- Installing: /home/darsh/rosnav/install/diff_drive_robot/lib/diff_drive_robot/navigation.py
[2.240s] -- Installing: /home/darsh/rosnav/install/diff_drive_robot/share/diff_drive_robot/launch
[2.240s] -- Installing: /home/darsh/rosnav/install/diff_drive_robot/share/diff_drive_robot/launch/slam_launch.py
[2.240s] -- Installing: /home/darsh/rosnav/install/diff_drive_robot/share/diff_drive_robot/launch/.DS_Store
[2.241s] -- Installing: /home/darsh/rosnav/install/diff_drive_robot/share/diff_drive_robot/launch/nav2.launch.py
[2.241s] -- Installing: /home/darsh/rosnav/install/diff_drive_robot/share/diff_drive_robot/launch/slam.launch.py
[2.241s] -- Installing: /home/darsh/rosnav/install/diff_drive_robot/share/diff_drive_robot/launch/robot.launch.py
[2.242s] -- Installing: /home/darsh/rosnav/install/diff_drive_robot/share/diff_drive_robot/launch/bringup_launch.py
[2.242s] -- Installing: /home/darsh/rosnav/install/diff_drive_robot/share/diff_drive_robot/launch/rsp.launch.py
[2.242s] -- Installing: /home/darsh/rosnav/install/diff_drive_robot/share/diff_drive_robot/launch/rviz_launch.py
[2.242s] -- Installing: /home/darsh/rosnav/install/diff_drive_robot/share/diff_drive_robot/urdf
[2.242s] -- Installing: /home/darsh/rosnav/install/diff_drive_robot/share/diff_drive_robot/urdf/gazebo_control.xacro
[2.243s] -- Installing: /home/darsh/rosnav/install/diff_drive_robot/share/diff_drive_robot/urdf/robot.urdf.xacro
[2.243s] -- Installing: /home/darsh/rosnav/install/diff_drive_robot/share/diff_drive_robot/urdf/inertial_macros.xacro
[2.243s] -- Installing: /home/darsh/rosnav/install/diff_drive_robot/share/diff_drive_robot/urdf/lidar.xacro
[2.243s] -- Installing: /home/darsh/rosnav/install/diff_drive_robot/share/diff_drive_robot/urdf/robot_core.xacro
[2.243s] -- Installing: /home/darsh/rosnav/install/diff_drive_robot/share/diff_drive_robot/config
[2.244s] -- Installing: /home/darsh/rosnav/install/diff_drive_robot/share/diff_drive_robot/config/nav2_multirobot_params_1.yaml
[2.244s] -- Installing: /home/darsh/rosnav/install/diff_drive_robot/share/diff_drive_robot/config/gz_bridge.yaml
[2.244s] -- Installing: /home/darsh/rosnav/install/diff_drive_robot/share/diff_drive_robot/config/slam_params.yaml
[2.244s] -- Installing: /home/darsh/rosnav/install/diff_drive_robot/share/diff_drive_robot/config/nav2_params copy.yaml
[2.244s] -- Installing: /home/darsh/rosnav/install/diff_drive_robot/share/diff_drive_robot/config/mapper_params_lifelong.yaml
[2.245s] -- Installing: /home/darsh/rosnav/install/diff_drive_robot/share/diff_drive_robot/config/mapper_params_online_sync.yaml
[2.245s] -- Installing: /home/darsh/rosnav/install/diff_drive_robot/share/diff_drive_robot/config/.DS_Store
[2.245s] -- Installing: /home/darsh/rosnav/install/diff_drive_robot/share/diff_drive_robot/config/nav2_multirobot_params_all.yaml
[2.245s] -- Installing: /home/darsh/rosnav/install/diff_drive_robot/share/diff_drive_robot/config/mapper_params_localization.yaml
[2.245s] -- Installing: /home/darsh/rosnav/install/diff_drive_robot/share/diff_drive_robot/config/costmap.yaml
[2.246s] -- Installing: /home/darsh/rosnav/install/diff_drive_robot/share/diff_drive_robot/config/nav2_multirobot_params_2.yaml
[2.246s] -- Installing: /home/darsh/rosnav/install/diff_drive_robot/share/diff_drive_robot/config/mapper_params_offline.yaml
[2.246s] -- Installing: /home/darsh/rosnav/install/diff_drive_robot/share/diff_drive_robot/config/mapper_params_online_async.yaml
[2.246s] -- Installing: /home/darsh/rosnav/install/diff_drive_robot/share/diff_drive_robot/config/nav2_params.yaml
[2.246s] -- Installing: /home/darsh/rosnav/install/diff_drive_robot/share/diff_drive_robot/config/slam_toolbox_default.rviz
[2.247s] -- Installing: /home/darsh/rosnav/install/diff_drive_robot/share/diff_drive_robot/worlds
[2.247s] -- Installing: /home/darsh/rosnav/install/diff_drive_robot/share/diff_drive_robot/worlds/obstacles.world
[2.247s] -- Installing: /home/darsh/rosnav/install/diff_drive_robot/share/diff_drive_robot/worlds/empty.world
[2.247s] -- Installing: /home/darsh/rosnav/install/diff_drive_robot/share/diff_drive_robot/rviz
[2.247s] -- Installing: /home/darsh/rosnav/install/diff_drive_robot/share/diff_drive_robot/rviz/.DS_Store
[2.248s] -- Installing: /home/darsh/rosnav/install/diff_drive_robot/share/diff_drive_robot/rviz/bot.rviz
[2.248s] -- Up-to-date: /home/darsh/rosnav/install/diff_drive_robot/lib/diff_drive_robot/navigation.py
[2.248s] -- Installing: /home/darsh/rosnav/install/diff_drive_robot/lib/diff_drive_robot/path_planning.py
[2.249s] -- Installing: /home/darsh/rosnav/install/diff_drive_robot/share/ament_index/resource_index/package_run_dependencies/diff_drive_robot
[2.250s] -- Installing: /home/darsh/rosnav/install/diff_drive_robot/share/ament_index/resource_index/parent_prefix_path/diff_drive_robot
[2.250s] -- Installing: /home/darsh/rosnav/install/diff_drive_robot/share/diff_drive_robot/environment/ament_prefix_path.sh
[2.251s] -- Installing: /home/darsh/rosnav/install/diff_drive_robot/share/diff_drive_robot/environment/ament_prefix_path.dsv
[2.251s] -- Installing: /home/darsh/rosnav/install/diff_drive_robot/share/diff_drive_robot/environment/path.sh
[2.251s] -- Installing: /home/darsh/rosnav/install/diff_drive_robot/share/diff_drive_robot/environment/path.dsv
[2.251s] -- Installing: /home/darsh/rosnav/install/diff_drive_robot/share/diff_drive_robot/local_setup.bash
[2.251s] -- Installing: /home/darsh/rosnav/install/diff_drive_robot/share/diff_drive_robot/local_setup.sh
[2.252s] -- Installing: /home/darsh/rosnav/install/diff_drive_robot/share/diff_drive_robot/local_setup.zsh
[2.252s] -- Installing: /home/darsh/rosnav/install/diff_drive_robot/share/diff_drive_robot/local_setup.dsv
[2.252s] -- Installing: /home/darsh/rosnav/install/diff_drive_robot/share/diff_drive_robot/package.dsv
[2.252s] -- Installing: /home/darsh/rosnav/install/diff_drive_robot/share/ament_index/resource_index/packages/diff_drive_robot
[2.253s] -- Installing: /home/darsh/rosnav/install/diff_drive_robot/share/diff_drive_robot/cmake/diff_drive_robotConfig.cmake
[2.253s] -- Installing: /home/darsh/rosnav/install/diff_drive_robot/share/diff_drive_robot/cmake/diff_drive_robotConfig-version.cmake
[2.253s] -- Installing: /home/darsh/rosnav/install/diff_drive_robot/share/diff_drive_robot/package.xml
[2.253s] Invoked command in '/home/darsh/rosnav/build/diff_drive_robot' returned '0': CMAKE_PREFIX_PATH=${CMAKE_PREFIX_PATH}:/opt/ros/jazzy /usr/bin/cmake --install /home/darsh/rosnav/build/diff_drive_robot
